
*** Running vivado
    with args -log Top.vds -m64 -product Vivado -mode batch -messageDb vivado.pb -notrace -source Top.tcl



****** Vivado v2020.2 (64-bit)
  **** SW Build 3064766 on Wed Nov 18 09:12:45 MST 2020
  **** IP Build 3064653 on Wed Nov 18 14:17:31 MST 2020
    ** Copyright 1986-2020 Xilinx, Inc. All Rights Reserved.

source Top.tcl -notrace
Command: synth_design -top Top -part xc7a35tcpg236-1
Starting synth_design
Attempting to get a license for feature 'Synthesis' and/or device 'xc7a35t'
INFO: [Common 17-349] Got license for feature 'Synthesis' and/or device 'xc7a35t'
INFO: [Device 21-403] Loading part xc7a35tcpg236-1
INFO: [Synth 8-7079] Multithreading enabled for synth_design using a maximum of 2 processes.
INFO: [Synth 8-7078] Launching helper process for spawning children vivado processes
INFO: [Synth 8-7075] Helper process launched with PID 4128
---------------------------------------------------------------------------------
Starting RTL Elaboration : Time (s): cpu = 00:00:04 ; elapsed = 00:00:06 . Memory (MB): peak = 1005.527 ; gain = 0.000
---------------------------------------------------------------------------------
INFO: [Synth 8-638] synthesizing module 'Top' [C:/Users/UserTP.PPI919.001/Desktop/tache_1/tache_1.srcs/sources_1/imports/Sources_Debut_TP_2021/TACHE_1/Top.vhd:26]
INFO: [Synth 8-638] synthesizing module 'ClkDiv' [C:/Users/UserTP.PPI919.001/Desktop/tache_1/tache_1.srcs/sources_1/imports/Desktop/clk25MHz.vhd:11]
INFO: [Synth 8-256] done synthesizing module 'ClkDiv' (1#1) [C:/Users/UserTP.PPI919.001/Desktop/tache_1/tache_1.srcs/sources_1/imports/Desktop/clk25MHz.vhd:11]
INFO: [Synth 8-638] synthesizing module 'VGA_4bits' [C:/Users/UserTP.PPI919.001/Desktop/tache_1/tache_1.srcs/sources_1/imports/VHDL/VGA_4bits.vhd:24]
INFO: [Synth 8-256] done synthesizing module 'VGA_4bits' (2#1) [C:/Users/UserTP.PPI919.001/Desktop/tache_1/tache_1.srcs/sources_1/imports/VHDL/VGA_4bits.vhd:24]
INFO: [Synth 8-256] done synthesizing module 'Top' (3#1) [C:/Users/UserTP.PPI919.001/Desktop/tache_1/tache_1.srcs/sources_1/imports/Sources_Debut_TP_2021/TACHE_1/Top.vhd:26]
---------------------------------------------------------------------------------
Finished RTL Elaboration : Time (s): cpu = 00:00:05 ; elapsed = 00:00:11 . Memory (MB): peak = 1005.527 ; gain = 0.000
---------------------------------------------------------------------------------
---------------------------------------------------------------------------------
Start Handling Custom Attributes
---------------------------------------------------------------------------------
---------------------------------------------------------------------------------
Finished Handling Custom Attributes : Time (s): cpu = 00:00:06 ; elapsed = 00:00:12 . Memory (MB): peak = 1005.527 ; gain = 0.000
---------------------------------------------------------------------------------
---------------------------------------------------------------------------------
Finished RTL Optimization Phase 1 : Time (s): cpu = 00:00:06 ; elapsed = 00:00:12 . Memory (MB): peak = 1005.527 ; gain = 0.000
---------------------------------------------------------------------------------
Netlist sorting complete. Time (s): cpu = 00:00:00 ; elapsed = 00:00:00.006 . Memory (MB): peak = 1005.527 ; gain = 0.000
INFO: [Project 1-570] Preparing netlist for logic optimization

Processing XDC Constraints
Initializing timing engine
Parsing XDC File [C:/Users/UserTP.PPI919.001/Desktop/tache_1/tache_1.srcs/constrs_1/imports/TACHE_1/Tache1_Basys.xdc]
Finished Parsing XDC File [C:/Users/UserTP.PPI919.001/Desktop/tache_1/tache_1.srcs/constrs_1/imports/TACHE_1/Tache1_Basys.xdc]
INFO: [Project 1-236] Implementation specific constraints were found while reading constraint file [C:/Users/UserTP.PPI919.001/Desktop/tache_1/tache_1.srcs/constrs_1/imports/TACHE_1/Tache1_Basys.xdc]. These constraints will be ignored for synthesis but will be used in implementation. Impacted constraints are listed in the file [.Xil/Top_propImpl.xdc].
Resolution: To avoid this warning, move constraints listed in [.Xil/Top_propImpl.xdc] to another XDC file and exclude this new file from synthesis with the used_in_synthesis property (File Properties dialog in GUI) and re-run elaboration/synthesis.
Completed Processing XDC Constraints

Netlist sorting complete. Time (s): cpu = 00:00:00 ; elapsed = 00:00:00.001 . Memory (MB): peak = 1047.711 ; gain = 0.000
INFO: [Project 1-111] Unisim Transformation Summary:
No Unisim elements were transformed.

Constraint Validation Runtime : Time (s): cpu = 00:00:00 ; elapsed = 00:00:00.060 . Memory (MB): peak = 1047.711 ; gain = 0.000
---------------------------------------------------------------------------------
Finished Constraint Validation : Time (s): cpu = 00:00:12 ; elapsed = 00:00:22 . Memory (MB): peak = 1047.711 ; gain = 42.184
---------------------------------------------------------------------------------
---------------------------------------------------------------------------------
Start Loading Part and Timing Information
---------------------------------------------------------------------------------
Loading part: xc7a35tcpg236-1
---------------------------------------------------------------------------------
Finished Loading Part and Timing Information : Time (s): cpu = 00:00:12 ; elapsed = 00:00:22 . Memory (MB): peak = 1047.711 ; gain = 42.184
---------------------------------------------------------------------------------
---------------------------------------------------------------------------------
Start Applying 'set_property' XDC Constraints
---------------------------------------------------------------------------------
---------------------------------------------------------------------------------
Finished applying 'set_property' XDC Constraints : Time (s): cpu = 00:00:12 ; elapsed = 00:00:23 . Memory (MB): peak = 1047.711 ; gain = 42.184
---------------------------------------------------------------------------------
---------------------------------------------------------------------------------
Finished RTL Optimization Phase 2 : Time (s): cpu = 00:00:13 ; elapsed = 00:00:23 . Memory (MB): peak = 1047.711 ; gain = 42.184
---------------------------------------------------------------------------------
---------------------------------------------------------------------------------
Start RTL Component Statistics 
---------------------------------------------------------------------------------
Detailed RTL Component Info : 
+---Adders : 
	   2 Input   10 Bit       Adders := 2     
+---Registers : 
	               10 Bit    Registers := 2     
	                1 Bit    Registers := 5     
+---Muxes : 
	   2 Input   10 Bit        Muxes := 2     
	   2 Input    4 Bit        Muxes := 3     
---------------------------------------------------------------------------------
Finished RTL Component Statistics 
---------------------------------------------------------------------------------
---------------------------------------------------------------------------------
Start Part Resource Summary
---------------------------------------------------------------------------------
Part Resources:
DSPs: 90 (col length:60)
BRAMs: 100 (col length: RAMB18 60 RAMB36 30)
---------------------------------------------------------------------------------
Finished Part Resource Summary
---------------------------------------------------------------------------------
---------------------------------------------------------------------------------
Start Cross Boundary and Area Optimization
---------------------------------------------------------------------------------
---------------------------------------------------------------------------------
Finished Cross Boundary and Area Optimization : Time (s): cpu = 00:00:14 ; elapsed = 00:00:25 . Memory (MB): peak = 1047.711 ; gain = 42.184
---------------------------------------------------------------------------------
---------------------------------------------------------------------------------
Start Applying XDC Timing Constraints
---------------------------------------------------------------------------------
---------------------------------------------------------------------------------
Finished Applying XDC Timing Constraints : Time (s): cpu = 00:00:20 ; elapsed = 00:00:31 . Memory (MB): peak = 1047.711 ; gain = 42.184
---------------------------------------------------------------------------------
---------------------------------------------------------------------------------
Start Timing Optimization
---------------------------------------------------------------------------------
---------------------------------------------------------------------------------
Finished Timing Optimization : Time (s): cpu = 00:00:20 ; elapsed = 00:00:32 . Memory (MB): peak = 1058.715 ; gain = 53.188
---------------------------------------------------------------------------------
---------------------------------------------------------------------------------
Start Technology Mapping
---------------------------------------------------------------------------------
---------------------------------------------------------------------------------
Finished Technology Mapping : Time (s): cpu = 00:00:20 ; elapsed = 00:00:32 . Memory (MB): peak = 1059.398 ; gain = 53.871
---------------------------------------------------------------------------------
---------------------------------------------------------------------------------
Start IO Insertion
---------------------------------------------------------------------------------
---------------------------------------------------------------------------------
Start Flattening Before IO Insertion
---------------------------------------------------------------------------------
---------------------------------------------------------------------------------
Finished Flattening Before IO Insertion
---------------------------------------------------------------------------------
---------------------------------------------------------------------------------
Start Final Netlist Cleanup
---------------------------------------------------------------------------------
---------------------------------------------------------------------------------
Finished Final Netlist Cleanup
---------------------------------------------------------------------------------
---------------------------------------------------------------------------------
Finished IO Insertion : Time (s): cpu = 00:00:24 ; elapsed = 00:00:35 . Memory (MB): peak = 1066.176 ; gain = 60.648
---------------------------------------------------------------------------------
---------------------------------------------------------------------------------
Start Renaming Generated Instances
---------------------------------------------------------------------------------
---------------------------------------------------------------------------------
Finished Renaming Generated Instances : Time (s): cpu = 00:00:24 ; elapsed = 00:00:35 . Memory (MB): peak = 1066.176 ; gain = 60.648
---------------------------------------------------------------------------------
---------------------------------------------------------------------------------
Start Rebuilding User Hierarchy
---------------------------------------------------------------------------------
---------------------------------------------------------------------------------
Finished Rebuilding User Hierarchy : Time (s): cpu = 00:00:24 ; elapsed = 00:00:35 . Memory (MB): peak = 1066.176 ; gain = 60.648
---------------------------------------------------------------------------------
---------------------------------------------------------------------------------
Start Renaming Generated Ports
---------------------------------------------------------------------------------
---------------------------------------------------------------------------------
Finished Renaming Generated Ports : Time (s): cpu = 00:00:24 ; elapsed = 00:00:35 . Memory (MB): peak = 1066.176 ; gain = 60.648
---------------------------------------------------------------------------------
---------------------------------------------------------------------------------
Start Handling Custom Attributes
---------------------------------------------------------------------------------
---------------------------------------------------------------------------------
Finished Handling Custom Attributes : Time (s): cpu = 00:00:24 ; elapsed = 00:00:35 . Memory (MB): peak = 1066.176 ; gain = 60.648
---------------------------------------------------------------------------------
---------------------------------------------------------------------------------
Start Renaming Generated Nets
---------------------------------------------------------------------------------
---------------------------------------------------------------------------------
Finished Renaming Generated Nets : Time (s): cpu = 00:00:24 ; elapsed = 00:00:35 . Memory (MB): peak = 1066.176 ; gain = 60.648
---------------------------------------------------------------------------------
---------------------------------------------------------------------------------
Start Writing Synthesis Report
---------------------------------------------------------------------------------

Report BlackBoxes: 
+-+--------------+----------+
| |BlackBox name |Instances |
+-+--------------+----------+
+-+--------------+----------+

Report Cell Usage: 
+------+-----+------+
|      |Cell |Count |
+------+-----+------+
|1     |BUFG |     1|
|2     |LUT1 |     2|
|3     |LUT2 |     5|
|4     |LUT3 |     5|
|5     |LUT4 |     6|
|6     |LUT5 |     6|
|7     |LUT6 |    22|
|8     |FDCE |    22|
|9     |FDPE |     2|
|10    |FDRE |     1|
|11    |IBUF |    14|
|12    |OBUF |    14|
+------+-----+------+
---------------------------------------------------------------------------------
Finished Writing Synthesis Report : Time (s): cpu = 00:00:24 ; elapsed = 00:00:35 . Memory (MB): peak = 1066.176 ; gain = 60.648
---------------------------------------------------------------------------------
Synthesis finished with 0 errors, 0 critical warnings and 0 warnings.
Synthesis Optimization Runtime : Time (s): cpu = 00:00:16 ; elapsed = 00:00:29 . Memory (MB): peak = 1066.176 ; gain = 18.465
Synthesis Optimization Complete : Time (s): cpu = 00:00:24 ; elapsed = 00:00:35 . Memory (MB): peak = 1066.176 ; gain = 60.648
INFO: [Project 1-571] Translating synthesized netlist
Netlist sorting complete. Time (s): cpu = 00:00:00 ; elapsed = 00:00:00.001 . Memory (MB): peak = 1078.242 ; gain = 0.000
INFO: [Project 1-570] Preparing netlist for logic optimization
INFO: [Opt 31-138] Pushed 0 inverter(s) to 0 load pin(s).
Netlist sorting complete. Time (s): cpu = 00:00:00 ; elapsed = 00:00:00 . Memory (MB): peak = 1078.242 ; gain = 0.000
INFO: [Project 1-111] Unisim Transformation Summary:
No Unisim elements were transformed.

INFO: [Common 17-83] Releasing license: Synthesis
19 Infos, 0 Warnings, 0 Critical Warnings and 0 Errors encountered.
synth_design completed successfully
synth_design: Time (s): cpu = 00:00:30 ; elapsed = 00:00:54 . Memory (MB): peak = 1078.242 ; gain = 72.715
INFO: [Common 17-1381] The checkpoint 'C:/Users/UserTP.PPI919.001/Desktop/tache_1/tache_1.runs/synth_1/Top.dcp' has been generated.
INFO: [runtcl-4] Executing : report_utilization -file Top_utilization_synth.rpt -pb Top_utilization_synth.pb
INFO: [Common 17-206] Exiting Vivado at Mon Oct 10 17:06:07 2022...
