
*** Running vivado
    with args -log top_baxys.vds -m64 -product Vivado -mode batch -messageDb vivado.pb -notrace -source top_baxys.tcl



****** Vivado v2020.2 (64-bit)
  **** SW Build 3064766 on Wed Nov 18 09:12:45 MST 2020
  **** IP Build 3064653 on Wed Nov 18 14:17:31 MST 2020
    ** Copyright 1986-2020 Xilinx, Inc. All Rights Reserved.

source top_baxys.tcl -notrace
Command: synth_design -top top_baxys -part xc7a35tcpg236-1
Starting synth_design
Attempting to get a license for feature 'Synthesis' and/or device 'xc7a35t'
INFO: [Common 17-349] Got license for feature 'Synthesis' and/or device 'xc7a35t'
INFO: [Device 21-403] Loading part xc7a35tcpg236-1
INFO: [Synth 8-7079] Multithreading enabled for synth_design using a maximum of 2 processes.
INFO: [Synth 8-7078] Launching helper process for spawning children vivado processes
INFO: [Synth 8-7075] Helper process launched with PID 5864
---------------------------------------------------------------------------------
Starting RTL Elaboration : Time (s): cpu = 00:00:05 ; elapsed = 00:00:06 . Memory (MB): peak = 923.566 ; gain = 0.000
---------------------------------------------------------------------------------
INFO: [Synth 8-638] synthesizing module 'top_baxys' [C:/Users/3708307/Desktop/project/project.srcs/sources_1/imports/Sources_Debut_TP_2021/VHDL/Top_Basys.vhd:52]
INFO: [Synth 8-638] synthesizing module 'ClkDiv' [C:/Users/3708307/Desktop/project/project.srcs/sources_1/imports/Desktop/clk25MHz.vhd:11]
INFO: [Synth 8-256] done synthesizing module 'ClkDiv' (1#1) [C:/Users/3708307/Desktop/project/project.srcs/sources_1/imports/Desktop/clk25MHz.vhd:11]
INFO: [Synth 8-638] synthesizing module 'ClkAcc' [C:/Users/3708307/Desktop/project/project.srcs/sources_1/imports/Sources_Debut_TP_2021/VHDL/ClkAcc.vhd:17]
INFO: [Synth 8-256] done synthesizing module 'ClkAcc' (2#1) [C:/Users/3708307/Desktop/project/project.srcs/sources_1/imports/Sources_Debut_TP_2021/VHDL/ClkAcc.vhd:17]
INFO: [Synth 8-638] synthesizing module 'switch_mgr' [C:/Users/3708307/Desktop/project/project.srcs/sources_1/imports/Sources_Debut_TP_2021/VHDL/switch_mgr.vhd:22]
INFO: [Synth 8-256] done synthesizing module 'switch_mgr' (3#1) [C:/Users/3708307/Desktop/project/project.srcs/sources_1/imports/Sources_Debut_TP_2021/VHDL/switch_mgr.vhd:22]
INFO: [Synth 8-638] synthesizing module 'button_mgr' [C:/Users/3708307/Desktop/project/project.srcs/sources_1/imports/Sources_Debut_TP_2021/VHDL/button_mgr.vhd:22]
INFO: [Synth 8-256] done synthesizing module 'button_mgr' (4#1) [C:/Users/3708307/Desktop/project/project.srcs/sources_1/imports/Sources_Debut_TP_2021/VHDL/button_mgr.vhd:22]
INFO: [Synth 8-638] synthesizing module 'aff_mgr_basys' [C:/Users/3708307/Desktop/project/project.srcs/sources_1/imports/Sources_Debut_TP_2021/VHDL/aff_mgr_basys.vhd:48]
INFO: [Synth 8-256] done synthesizing module 'aff_mgr_basys' (5#1) [C:/Users/3708307/Desktop/project/project.srcs/sources_1/imports/Sources_Debut_TP_2021/VHDL/aff_mgr_basys.vhd:48]
INFO: [Synth 8-638] synthesizing module 'ip_rotary' [C:/Users/3708307/Desktop/project/project.srcs/sources_1/imports/Sources_Debut_TP_2021/VHDL/ip_rotary.vhd:20]
INFO: [Synth 8-638] synthesizing module 'rotary' [C:/Users/3708307/Desktop/project/project.srcs/sources_1/imports/Sources_Debut_TP_2021/VHDL/rotary.vhd:20]
INFO: [Synth 8-256] done synthesizing module 'rotary' (6#1) [C:/Users/3708307/Desktop/project/project.srcs/sources_1/imports/Sources_Debut_TP_2021/VHDL/rotary.vhd:20]
INFO: [Synth 8-638] synthesizing module 'move' [C:/Users/3708307/Desktop/project/project.srcs/sources_1/new/move.vhd:43]
INFO: [Synth 8-256] done synthesizing module 'move' (7#1) [C:/Users/3708307/Desktop/project/project.srcs/sources_1/new/move.vhd:43]
INFO: [Synth 8-256] done synthesizing module 'ip_rotary' (8#1) [C:/Users/3708307/Desktop/project/project.srcs/sources_1/imports/Sources_Debut_TP_2021/VHDL/ip_rotary.vhd:20]
INFO: [Synth 8-638] synthesizing module 'accelero_mgr' [C:/Users/3708307/Desktop/project/project.srcs/sources_1/imports/Sources_Debut_TP_2021/VHDL/accelero_mgr.vhd:24]
INFO: [Synth 8-638] synthesizing module 'ADXL362Ctrl' [C:/Users/3708307/Desktop/project/project.srcs/sources_1/imports/Sources_Debut_TP_2021/VHDL/ADXL362Ctrl.vhd:117]
	Parameter SYSCLK_FREQUENCY_HZ bound to: 100000000 - type: integer 
	Parameter SCLK_FREQUENCY_HZ bound to: 1000000 - type: integer 
	Parameter NUM_READS_AVG bound to: 16 - type: integer 
	Parameter UPDATE_FREQUENCY_HZ bound to: 1000 - type: integer 
	Parameter SYSCLK_FREQUENCY_HZ bound to: 100000000 - type: integer 
	Parameter SCLK_FREQUENCY_HZ bound to: 1000000 - type: integer 
INFO: [Synth 8-3491] module 'SPI_If' declared at 'C:/Users/3708307/Desktop/project/project.srcs/sources_1/imports/Sources_Debut_TP_2021/VHDL/SPI_If.vhd:42' bound to instance 'SPI_Interface' of component 'SPI_If' [C:/Users/3708307/Desktop/project/project.srcs/sources_1/imports/Sources_Debut_TP_2021/VHDL/ADXL362Ctrl.vhd:377]
INFO: [Synth 8-638] synthesizing module 'SPI_If' [C:/Users/3708307/Desktop/project/project.srcs/sources_1/imports/Sources_Debut_TP_2021/VHDL/SPI_If.vhd:66]
	Parameter SYSCLK_FREQUENCY_HZ bound to: 100000000 - type: integer 
	Parameter SCLK_FREQUENCY_HZ bound to: 1000000 - type: integer 
INFO: [Synth 8-256] done synthesizing module 'SPI_If' (9#1) [C:/Users/3708307/Desktop/project/project.srcs/sources_1/imports/Sources_Debut_TP_2021/VHDL/SPI_If.vhd:66]
INFO: [Synth 8-256] done synthesizing module 'ADXL362Ctrl' (10#1) [C:/Users/3708307/Desktop/project/project.srcs/sources_1/imports/Sources_Debut_TP_2021/VHDL/ADXL362Ctrl.vhd:117]
INFO: [Synth 8-256] done synthesizing module 'accelero_mgr' (11#1) [C:/Users/3708307/Desktop/project/project.srcs/sources_1/imports/Sources_Debut_TP_2021/VHDL/accelero_mgr.vhd:24]
INFO: [Synth 8-638] synthesizing module 'objects' [C:/Users/3708307/Desktop/project/project.srcs/sources_1/imports/Sources_Debut_TP_2021/VHDL/objects.vhd:53]
INFO: [Synth 8-638] synthesizing module 'decor' [C:/Users/3708307/Desktop/project/project.srcs/sources_1/imports/Sources_Debut_TP_2021/VHDL/decor.vhd:40]
INFO: [Synth 8-256] done synthesizing module 'decor' (12#1) [C:/Users/3708307/Desktop/project/project.srcs/sources_1/imports/Sources_Debut_TP_2021/VHDL/decor.vhd:40]
INFO: [Synth 8-638] synthesizing module 'pad' [C:/Users/3708307/Desktop/project/project.srcs/sources_1/imports/Sources_Debut_TP_2021/VHDL/pad.vhd:48]
INFO: [Synth 8-256] done synthesizing module 'pad' (13#1) [C:/Users/3708307/Desktop/project/project.srcs/sources_1/imports/Sources_Debut_TP_2021/VHDL/pad.vhd:48]
INFO: [Synth 8-638] synthesizing module 'bounce' [C:/Users/3708307/Desktop/project/project.srcs/sources_1/imports/Sources_Debut_TP_2021/VHDL/bounce.vhd:59]
INFO: [Synth 8-256] done synthesizing module 'bounce' (14#1) [C:/Users/3708307/Desktop/project/project.srcs/sources_1/imports/Sources_Debut_TP_2021/VHDL/bounce.vhd:59]
INFO: [Synth 8-638] synthesizing module 'ball' [C:/Users/3708307/Desktop/project/project.srcs/sources_1/imports/Sources_Debut_TP_2021/VHDL/ball.vhd:43]
INFO: [Synth 8-256] done synthesizing module 'ball' (15#1) [C:/Users/3708307/Desktop/project/project.srcs/sources_1/imports/Sources_Debut_TP_2021/VHDL/ball.vhd:43]
INFO: [Synth 8-638] synthesizing module 'brick_ctrl' [C:/Users/3708307/Desktop/project/project.srcs/sources_1/imports/Sources_Debut_TP_2021/VHDL/brick.vhd:22]
INFO: [Synth 8-256] done synthesizing module 'brick_ctrl' (16#1) [C:/Users/3708307/Desktop/project/project.srcs/sources_1/imports/Sources_Debut_TP_2021/VHDL/brick.vhd:22]
INFO: [Synth 8-256] done synthesizing module 'objects' (17#1) [C:/Users/3708307/Desktop/project/project.srcs/sources_1/imports/Sources_Debut_TP_2021/VHDL/objects.vhd:53]
INFO: [Synth 8-638] synthesizing module 'game' [C:/Users/3708307/Desktop/project/project.srcs/sources_1/imports/Sources_Debut_TP_2021/VHDL/game.vhd:53]
INFO: [Synth 8-638] synthesizing module 'display' [C:/Users/3708307/Desktop/project/project.srcs/sources_1/imports/Sources_Debut_TP_2021/VHDL/display.vhd:34]
INFO: [Synth 8-256] done synthesizing module 'display' (18#1) [C:/Users/3708307/Desktop/project/project.srcs/sources_1/imports/Sources_Debut_TP_2021/VHDL/display.vhd:34]
INFO: [Synth 8-638] synthesizing module 'mode' [C:/Users/3708307/Desktop/project/project.srcs/sources_1/new/mode.vhd:46]
INFO: [Synth 8-638] synthesizing module 'MAE_mode' [C:/Users/3708307/Desktop/project/project.srcs/sources_1/new/MAE_mode.vhd:51]
INFO: [Synth 8-226] default block is never used [C:/Users/3708307/Desktop/project/project.srcs/sources_1/new/MAE_mode.vhd:61]
INFO: [Synth 8-256] done synthesizing module 'MAE_mode' (19#1) [C:/Users/3708307/Desktop/project/project.srcs/sources_1/new/MAE_mode.vhd:51]
INFO: [Synth 8-638] synthesizing module 'Tempo_lost' [C:/Users/3708307/Desktop/project/project.srcs/sources_1/new/Tempo_lost.vhd:44]
INFO: [Synth 8-256] done synthesizing module 'Tempo_lost' (20#1) [C:/Users/3708307/Desktop/project/project.srcs/sources_1/new/Tempo_lost.vhd:44]
INFO: [Synth 8-638] synthesizing module 'Tempo_Pause' [C:/Users/3708307/Desktop/project/project.srcs/sources_1/new/Tempo_Pause.vhd:43]
WARNING: [Synth 8-614] signal 'RAZ_Tempo_Pause' is read in the process but is not in the sensitivity list [C:/Users/3708307/Desktop/project/project.srcs/sources_1/new/Tempo_Pause.vhd:49]
INFO: [Synth 8-256] done synthesizing module 'Tempo_Pause' (21#1) [C:/Users/3708307/Desktop/project/project.srcs/sources_1/new/Tempo_Pause.vhd:43]
INFO: [Synth 8-256] done synthesizing module 'mode' (22#1) [C:/Users/3708307/Desktop/project/project.srcs/sources_1/new/mode.vhd:46]
INFO: [Synth 8-638] synthesizing module 'game_mgr' [C:/Users/3708307/Desktop/project/project.srcs/sources_1/imports/Sources_Debut_TP_2021/VHDL/game_mgr.vhd:18]
INFO: [Synth 8-256] done synthesizing module 'game_mgr' (23#1) [C:/Users/3708307/Desktop/project/project.srcs/sources_1/imports/Sources_Debut_TP_2021/VHDL/game_mgr.vhd:18]
INFO: [Synth 8-638] synthesizing module 'master_slave_mgr' [C:/Users/3708307/Desktop/project/project.srcs/sources_1/imports/Sources_Debut_TP_2021/VHDL/mas_sla_mgr.vhd:18]
INFO: [Synth 8-256] done synthesizing module 'master_slave_mgr' (24#1) [C:/Users/3708307/Desktop/project/project.srcs/sources_1/imports/Sources_Debut_TP_2021/VHDL/mas_sla_mgr.vhd:18]
INFO: [Synth 8-256] done synthesizing module 'game' (25#1) [C:/Users/3708307/Desktop/project/project.srcs/sources_1/imports/Sources_Debut_TP_2021/VHDL/game.vhd:53]
INFO: [Synth 8-638] synthesizing module 'VGA_4bits' [C:/Users/3708307/Desktop/project/project.srcs/sources_1/imports/VHDL/VGA_4bits.vhd:24]
INFO: [Synth 8-256] done synthesizing module 'VGA_4bits' (26#1) [C:/Users/3708307/Desktop/project/project.srcs/sources_1/imports/VHDL/VGA_4bits.vhd:24]
INFO: [Synth 8-638] synthesizing module 'Moving_Colors' [C:/Users/3708307/Desktop/project/project.srcs/sources_1/imports/new/Moving_Colors.vhd:41]
INFO: [Synth 8-638] synthesizing module 'compteur_5b' [C:/Users/3708307/Desktop/project/project.srcs/sources_1/imports/new/compteur_5b.vhd:44]
INFO: [Synth 8-226] default block is never used [C:/Users/3708307/Desktop/project/project.srcs/sources_1/imports/new/compteur_5b.vhd:52]
INFO: [Synth 8-256] done synthesizing module 'compteur_5b' (27#1) [C:/Users/3708307/Desktop/project/project.srcs/sources_1/imports/new/compteur_5b.vhd:44]
INFO: [Synth 8-638] synthesizing module 'MAE' [C:/Users/3708307/Desktop/project/project.srcs/sources_1/imports/new/MAE.vhd:40]
INFO: [Synth 8-226] default block is never used [C:/Users/3708307/Desktop/project/project.srcs/sources_1/imports/new/MAE.vhd:49]
INFO: [Synth 8-256] done synthesizing module 'MAE' (28#1) [C:/Users/3708307/Desktop/project/project.srcs/sources_1/imports/new/MAE.vhd:40]
INFO: [Synth 8-256] done synthesizing module 'Moving_Colors' (29#1) [C:/Users/3708307/Desktop/project/project.srcs/sources_1/imports/new/Moving_Colors.vhd:41]
INFO: [Synth 8-256] done synthesizing module 'top_baxys' (30#1) [C:/Users/3708307/Desktop/project/project.srcs/sources_1/imports/Sources_Debut_TP_2021/VHDL/Top_Basys.vhd:52]
---------------------------------------------------------------------------------
Finished RTL Elaboration : Time (s): cpu = 00:00:07 ; elapsed = 00:00:10 . Memory (MB): peak = 969.621 ; gain = 46.055
---------------------------------------------------------------------------------
---------------------------------------------------------------------------------
Start Handling Custom Attributes
---------------------------------------------------------------------------------
---------------------------------------------------------------------------------
Finished Handling Custom Attributes : Time (s): cpu = 00:00:08 ; elapsed = 00:00:11 . Memory (MB): peak = 969.621 ; gain = 46.055
---------------------------------------------------------------------------------
---------------------------------------------------------------------------------
Finished RTL Optimization Phase 1 : Time (s): cpu = 00:00:08 ; elapsed = 00:00:11 . Memory (MB): peak = 969.621 ; gain = 46.055
---------------------------------------------------------------------------------
Netlist sorting complete. Time (s): cpu = 00:00:00 ; elapsed = 00:00:00.030 . Memory (MB): peak = 969.621 ; gain = 0.000
INFO: [Project 1-570] Preparing netlist for logic optimization

Processing XDC Constraints
Initializing timing engine
Parsing XDC File [C:/Users/3708307/Desktop/project/project.srcs/constrs_1/imports/XDC/Console_Basys.xdc]
Finished Parsing XDC File [C:/Users/3708307/Desktop/project/project.srcs/constrs_1/imports/XDC/Console_Basys.xdc]
INFO: [Project 1-236] Implementation specific constraints were found while reading constraint file [C:/Users/3708307/Desktop/project/project.srcs/constrs_1/imports/XDC/Console_Basys.xdc]. These constraints will be ignored for synthesis but will be used in implementation. Impacted constraints are listed in the file [.Xil/top_baxys_propImpl.xdc].
Resolution: To avoid this warning, move constraints listed in [.Xil/top_baxys_propImpl.xdc] to another XDC file and exclude this new file from synthesis with the used_in_synthesis property (File Properties dialog in GUI) and re-run elaboration/synthesis.
Completed Processing XDC Constraints

Netlist sorting complete. Time (s): cpu = 00:00:00 ; elapsed = 00:00:00.001 . Memory (MB): peak = 1087.359 ; gain = 0.000
INFO: [Project 1-111] Unisim Transformation Summary:
No Unisim elements were transformed.

Constraint Validation Runtime : Time (s): cpu = 00:00:00 ; elapsed = 00:00:00.061 . Memory (MB): peak = 1087.359 ; gain = 0.000
---------------------------------------------------------------------------------
Finished Constraint Validation : Time (s): cpu = 00:00:15 ; elapsed = 00:00:20 . Memory (MB): peak = 1087.359 ; gain = 163.793
---------------------------------------------------------------------------------
---------------------------------------------------------------------------------
Start Loading Part and Timing Information
---------------------------------------------------------------------------------
Loading part: xc7a35tcpg236-1
---------------------------------------------------------------------------------
Finished Loading Part and Timing Information : Time (s): cpu = 00:00:15 ; elapsed = 00:00:20 . Memory (MB): peak = 1087.359 ; gain = 163.793
---------------------------------------------------------------------------------
---------------------------------------------------------------------------------
Start Applying 'set_property' XDC Constraints
---------------------------------------------------------------------------------
---------------------------------------------------------------------------------
Finished applying 'set_property' XDC Constraints : Time (s): cpu = 00:00:15 ; elapsed = 00:00:20 . Memory (MB): peak = 1087.359 ; gain = 163.793
---------------------------------------------------------------------------------
INFO: [Synth 8-802] inferred FSM for state register 'etat_reg' in module 'move'
INFO: [Synth 8-802] inferred FSM for state register 'StC_reg' in module 'SPI_If'
INFO: [Synth 8-802] inferred FSM for state register 'StC_Spi_SendRec_reg' in module 'ADXL362Ctrl'
INFO: [Synth 8-802] inferred FSM for state register 'StC_Spi_Trans_reg' in module 'ADXL362Ctrl'
INFO: [Synth 8-802] inferred FSM for state register 'StC_Adxl_Ctrl_reg' in module 'ADXL362Ctrl'
INFO: [Synth 8-802] inferred FSM for state register 'etat_reg' in module 'MAE_mode'
INFO: [Synth 8-802] inferred FSM for state register 'EP_reg' in module 'game_mgr'
INFO: [Synth 8-802] inferred FSM for state register 'EP_reg' in module 'master_slave_mgr'
INFO: [Synth 8-802] inferred FSM for state register 'etat_reg' in module 'MAE'
---------------------------------------------------------------------------------------------------
                   State |                     New Encoding |                Previous Encoding 
---------------------------------------------------------------------------------------------------
                  iSTATE |                              000 |                              000
                 iSTATE2 |                              001 |                              001
                 iSTATE1 |                              010 |                              010
                 iSTATE0 |                              011 |                              011
                 iSTATE4 |                              100 |                              100
                 iSTATE3 |                              101 |                              101
---------------------------------------------------------------------------------------------------
INFO: [Synth 8-3354] encoded FSM with state register 'etat_reg' using encoding 'sequential' in module 'move'
---------------------------------------------------------------------------------------------------
                   State |                     New Encoding |                Previous Encoding 
---------------------------------------------------------------------------------------------------
                  stidle |                               00 |                         10100000
               stprepare |                               01 |                         00001001
                 stshift |                               10 |                         01011011
                  stdone |                               11 |                         00001110
---------------------------------------------------------------------------------------------------
INFO: [Synth 8-3354] encoded FSM with state register 'StC_reg' using encoding 'sequential' in module 'SPI_If'
---------------------------------------------------------------------------------------------------
                   State |                     New Encoding |                Previous Encoding 
---------------------------------------------------------------------------------------------------
        stspisendrecidle |                              000 |                          0000000
         stspipreparecmd |                              001 |                          1000001
         stspisendstartw |                              010 |                          0001011
        stspiwaitondonew |                              011 |                          0000111
         stspisendstartr |                              100 |                          0001110
        stspiwaitondoner |                              101 |                          0100100
        stspisendrecdone |                              110 |                          0010101
---------------------------------------------------------------------------------------------------
INFO: [Synth 8-3354] encoded FSM with state register 'StC_Spi_SendRec_reg' using encoding 'sequential' in module 'ADXL362Ctrl'
---------------------------------------------------------------------------------------------------
                   State |                     New Encoding |                Previous Encoding 
---------------------------------------------------------------------------------------------------
          stspitransidle |                              000 |                       0000000000
     stspiprepandsendcmd |                              001 |                       1111100001
       stspiwaitondonesr |                              010 |                       0000110011
     stspiwaitforssinact |                              011 |                       0000000010
          stspitransdone |                              100 |                       0000001110
---------------------------------------------------------------------------------------------------
INFO: [Synth 8-3354] encoded FSM with state register 'StC_Spi_Trans_reg' using encoding 'sequential' in module 'ADXL362Ctrl'
---------------------------------------------------------------------------------------------------
                   State |                     New Encoding |                Previous Encoding 
---------------------------------------------------------------------------------------------------
          stadxlctrlidle |                             0000 |                     100100000000
      stadxlsendresetcmd |                             0001 |                     011001000001
     stadxlwaitresetdone |                             0010 |                     010000000011
    stadxlconf_remaining |                             0011 |                     011001000010
stadxlwaitsampleratetick |                             0100 |                     000100000110
       stadxlread_status |                             0101 |                     011001000111
         stadxlread_data |                             0110 |                     011000000101
      stadxlformatandsum |                             0111 |                     000010101101
         stadxlread_done |                             1000 |                     000001011111
---------------------------------------------------------------------------------------------------
INFO: [Synth 8-3354] encoded FSM with state register 'StC_Adxl_Ctrl_reg' using encoding 'sequential' in module 'ADXL362Ctrl'
---------------------------------------------------------------------------------------------------
                   State |                     New Encoding |                Previous Encoding 
---------------------------------------------------------------------------------------------------
                 iSTATE6 |                         00000001 |                              000
                  iSTATE |                         00000010 |                              001
                 iSTATE2 |                         00000100 |                              010
                 iSTATE0 |                         00001000 |                              110
                 iSTATE1 |                         00010000 |                              111
                 iSTATE5 |                         00100000 |                              100
                 iSTATE4 |                         01000000 |                              101
                 iSTATE3 |                         10000000 |                              011
---------------------------------------------------------------------------------------------------
INFO: [Synth 8-3354] encoded FSM with state register 'etat_reg' using encoding 'one-hot' in module 'MAE_mode'
---------------------------------------------------------------------------------------------------
                   State |                     New Encoding |                Previous Encoding 
---------------------------------------------------------------------------------------------------
                   brick |                               00 |                               00
           change_2_pong |                               01 |                               01
                    pong |                               10 |                               10
          change_2_brick |                               11 |                               11
---------------------------------------------------------------------------------------------------
INFO: [Synth 8-3354] encoded FSM with state register 'EP_reg' using encoding 'sequential' in module 'game_mgr'
---------------------------------------------------------------------------------------------------
                   State |                     New Encoding |                Previous Encoding 
---------------------------------------------------------------------------------------------------
                  master |                               00 |                               00
          change_2_slave |                               01 |                               01
                   slave |                               10 |                               10
         change_2_master |                               11 |                               11
---------------------------------------------------------------------------------------------------
INFO: [Synth 8-3354] encoded FSM with state register 'EP_reg' using encoding 'sequential' in module 'master_slave_mgr'
---------------------------------------------------------------------------------------------------
                   State |                     New Encoding |                Previous Encoding 
---------------------------------------------------------------------------------------------------
                 iSTATE1 |                               00 |                               00
                  iSTATE |                               01 |                               01
                 iSTATE0 |                               10 |                               10
                 iSTATE2 |                               11 |                               11
---------------------------------------------------------------------------------------------------
INFO: [Synth 8-3354] encoded FSM with state register 'etat_reg' using encoding 'sequential' in module 'MAE'
---------------------------------------------------------------------------------
Finished RTL Optimization Phase 2 : Time (s): cpu = 00:00:17 ; elapsed = 00:00:24 . Memory (MB): peak = 1087.359 ; gain = 163.793
---------------------------------------------------------------------------------
---------------------------------------------------------------------------------
Start RTL Component Statistics 
---------------------------------------------------------------------------------
Detailed RTL Component Info : 
+---Adders : 
	   2 Input   17 Bit       Adders := 2     
	   3 Input   11 Bit       Adders := 1     
	   2 Input   10 Bit       Adders := 23    
	   2 Input    9 Bit       Adders := 5     
	   2 Input    6 Bit       Adders := 2     
	   2 Input    5 Bit       Adders := 3     
	   2 Input    4 Bit       Adders := 1     
	   2 Input    3 Bit       Adders := 3     
	   2 Input    2 Bit       Adders := 2     
+---XORs : 
	   2 Input      1 Bit         XORs := 1     
+---Registers : 
	               17 Bit    Registers := 2     
	               12 Bit    Registers := 4     
	               10 Bit    Registers := 7     
	                9 Bit    Registers := 4     
	                8 Bit    Registers := 16    
	                6 Bit    Registers := 2     
	                5 Bit    Registers := 4     
	                4 Bit    Registers := 3     
	                3 Bit    Registers := 3     
	                2 Bit    Registers := 6     
	                1 Bit    Registers := 42    
+---Muxes : 
	   2 Input   17 Bit        Muxes := 2     
	   9 Input   12 Bit        Muxes := 1     
	   5 Input   10 Bit        Muxes := 3     
	   7 Input   10 Bit        Muxes := 2     
	  13 Input   10 Bit        Muxes := 1     
	   2 Input   10 Bit        Muxes := 12    
	   4 Input   10 Bit        Muxes := 1     
	   6 Input   10 Bit        Muxes := 3     
	   3 Input    9 Bit        Muxes := 2     
	   2 Input    9 Bit        Muxes := 6     
	   5 Input    8 Bit        Muxes := 3     
	   6 Input    8 Bit        Muxes := 3     
	   4 Input    8 Bit        Muxes := 1     
	   2 Input    8 Bit        Muxes := 10    
	   8 Input    8 Bit        Muxes := 1     
	   7 Input    7 Bit        Muxes := 1     
	   4 Input    7 Bit        Muxes := 1     
	   2 Input    7 Bit        Muxes := 3     
	   4 Input    6 Bit        Muxes := 1     
	   2 Input    6 Bit        Muxes := 3     
	   2 Input    5 Bit        Muxes := 1     
	   4 Input    5 Bit        Muxes := 3     
	   5 Input    4 Bit        Muxes := 1     
	   2 Input    4 Bit        Muxes := 19    
	   9 Input    4 Bit        Muxes := 1     
	   7 Input    4 Bit        Muxes := 2     
	   6 Input    4 Bit        Muxes := 4     
	  14 Input    4 Bit        Muxes := 1     
	  26 Input    4 Bit        Muxes := 1     
	   6 Input    3 Bit        Muxes := 1     
	   2 Input    3 Bit        Muxes := 12    
	   7 Input    3 Bit        Muxes := 3     
	   5 Input    3 Bit        Muxes := 1     
	   4 Input    3 Bit        Muxes := 1     
	  13 Input    3 Bit        Muxes := 1     
	   5 Input    2 Bit        Muxes := 1     
	   4 Input    2 Bit        Muxes := 8     
	   2 Input    2 Bit        Muxes := 16    
	   6 Input    2 Bit        Muxes := 1     
	   2 Input    1 Bit        Muxes := 83    
	   5 Input    1 Bit        Muxes := 3     
	   3 Input    1 Bit        Muxes := 2     
	   6 Input    1 Bit        Muxes := 5     
	   4 Input    1 Bit        Muxes := 7     
	   7 Input    1 Bit        Muxes := 3     
	   9 Input    1 Bit        Muxes := 1     
	  19 Input    1 Bit        Muxes := 1     
	  13 Input    1 Bit        Muxes := 1     
	  20 Input    1 Bit        Muxes := 2     
	   8 Input    1 Bit        Muxes := 3     
	  18 Input    1 Bit        Muxes := 1     
---------------------------------------------------------------------------------
Finished RTL Component Statistics 
---------------------------------------------------------------------------------
---------------------------------------------------------------------------------
Start Part Resource Summary
---------------------------------------------------------------------------------
Part Resources:
DSPs: 90 (col length:60)
BRAMs: 100 (col length: RAMB18 60 RAMB36 30)
---------------------------------------------------------------------------------
Finished Part Resource Summary
---------------------------------------------------------------------------------
---------------------------------------------------------------------------------
Start Cross Boundary and Area Optimization
---------------------------------------------------------------------------------
---------------------------------------------------------------------------------
Finished Cross Boundary and Area Optimization : Time (s): cpu = 00:00:26 ; elapsed = 00:00:34 . Memory (MB): peak = 1087.359 ; gain = 163.793
---------------------------------------------------------------------------------
---------------------------------------------------------------------------------
Start Applying XDC Timing Constraints
---------------------------------------------------------------------------------
---------------------------------------------------------------------------------
Finished Applying XDC Timing Constraints : Time (s): cpu = 00:00:33 ; elapsed = 00:00:42 . Memory (MB): peak = 1087.359 ; gain = 163.793
---------------------------------------------------------------------------------
---------------------------------------------------------------------------------
Start Timing Optimization
---------------------------------------------------------------------------------
---------------------------------------------------------------------------------
Finished Timing Optimization : Time (s): cpu = 00:00:33 ; elapsed = 00:00:43 . Memory (MB): peak = 1087.359 ; gain = 163.793
---------------------------------------------------------------------------------
---------------------------------------------------------------------------------
Start Technology Mapping
---------------------------------------------------------------------------------
---------------------------------------------------------------------------------
Finished Technology Mapping : Time (s): cpu = 00:00:34 ; elapsed = 00:00:44 . Memory (MB): peak = 1098.516 ; gain = 174.949
---------------------------------------------------------------------------------
---------------------------------------------------------------------------------
Start IO Insertion
---------------------------------------------------------------------------------
---------------------------------------------------------------------------------
Start Flattening Before IO Insertion
---------------------------------------------------------------------------------
---------------------------------------------------------------------------------
Finished Flattening Before IO Insertion
---------------------------------------------------------------------------------
---------------------------------------------------------------------------------
Start Final Netlist Cleanup
---------------------------------------------------------------------------------
---------------------------------------------------------------------------------
Finished Final Netlist Cleanup
---------------------------------------------------------------------------------
---------------------------------------------------------------------------------
Finished IO Insertion : Time (s): cpu = 00:00:38 ; elapsed = 00:00:48 . Memory (MB): peak = 1113.309 ; gain = 189.742
---------------------------------------------------------------------------------
---------------------------------------------------------------------------------
Start Renaming Generated Instances
---------------------------------------------------------------------------------
---------------------------------------------------------------------------------
Finished Renaming Generated Instances : Time (s): cpu = 00:00:38 ; elapsed = 00:00:48 . Memory (MB): peak = 1113.309 ; gain = 189.742
---------------------------------------------------------------------------------
---------------------------------------------------------------------------------
Start Rebuilding User Hierarchy
---------------------------------------------------------------------------------
---------------------------------------------------------------------------------
Finished Rebuilding User Hierarchy : Time (s): cpu = 00:00:38 ; elapsed = 00:00:48 . Memory (MB): peak = 1113.309 ; gain = 189.742
---------------------------------------------------------------------------------
---------------------------------------------------------------------------------
Start Renaming Generated Ports
---------------------------------------------------------------------------------
---------------------------------------------------------------------------------
Finished Renaming Generated Ports : Time (s): cpu = 00:00:38 ; elapsed = 00:00:48 . Memory (MB): peak = 1113.309 ; gain = 189.742
---------------------------------------------------------------------------------
---------------------------------------------------------------------------------
Start Handling Custom Attributes
---------------------------------------------------------------------------------
---------------------------------------------------------------------------------
Finished Handling Custom Attributes : Time (s): cpu = 00:00:38 ; elapsed = 00:00:48 . Memory (MB): peak = 1113.309 ; gain = 189.742
---------------------------------------------------------------------------------
---------------------------------------------------------------------------------
Start Renaming Generated Nets
---------------------------------------------------------------------------------
---------------------------------------------------------------------------------
Finished Renaming Generated Nets : Time (s): cpu = 00:00:38 ; elapsed = 00:00:48 . Memory (MB): peak = 1113.309 ; gain = 189.742
---------------------------------------------------------------------------------
---------------------------------------------------------------------------------
Start ROM, RAM, DSP, Shift Register and Retiming Reporting
---------------------------------------------------------------------------------

Static Shift Register Report:
+------------+------------------------------------------+--------+-------+--------------+--------------------+-------------------+--------+---------+
|Module Name | RTL Name                                 | Length | Width | Reset Signal | Pull out first Reg | Pull out last Reg | SRL16E | SRLC32E | 
+------------+------------------------------------------+--------+-------+--------------+--------------------+-------------------+--------+---------+
|top_baxys   | accelero_mgr/accelero/Data_Reg_reg[4][7] | 4      | 2     | NO           | NO                 | YES               | 2      | 0       | 
|top_baxys   | accelero_mgr/accelero/Data_Reg_reg[4][6] | 5      | 6     | NO           | NO                 | YES               | 6      | 0       | 
+------------+------------------------------------------+--------+-------+--------------+--------------------+-------------------+--------+---------+

---------------------------------------------------------------------------------
Finished ROM, RAM, DSP, Shift Register and Retiming Reporting
---------------------------------------------------------------------------------
---------------------------------------------------------------------------------
Start Writing Synthesis Report
---------------------------------------------------------------------------------

Report BlackBoxes: 
+-+--------------+----------+
| |BlackBox name |Instances |
+-+--------------+----------+
+-+--------------+----------+

Report Cell Usage: 
+------+-------+------+
|      |Cell   |Count |
+------+-------+------+
|1     |BUFG   |     2|
|2     |CARRY4 |    97|
|3     |LUT1   |    45|
|4     |LUT2   |   140|
|5     |LUT3   |   154|
|6     |LUT4   |   257|
|7     |LUT5   |   209|
|8     |LUT6   |   368|
|9     |SRL16E |     8|
|10    |FDCE   |   213|
|11    |FDPE   |    51|
|12    |FDRE   |   157|
|13    |FDSE   |     4|
|14    |IBUF   |    17|
|15    |OBUF   |    43|
+------+-------+------+
---------------------------------------------------------------------------------
Finished Writing Synthesis Report : Time (s): cpu = 00:00:38 ; elapsed = 00:00:48 . Memory (MB): peak = 1113.309 ; gain = 189.742
---------------------------------------------------------------------------------
Synthesis finished with 0 errors, 0 critical warnings and 0 warnings.
Synthesis Optimization Runtime : Time (s): cpu = 00:00:28 ; elapsed = 00:00:44 . Memory (MB): peak = 1113.309 ; gain = 72.004
Synthesis Optimization Complete : Time (s): cpu = 00:00:38 ; elapsed = 00:00:48 . Memory (MB): peak = 1113.309 ; gain = 189.742
INFO: [Project 1-571] Translating synthesized netlist
Netlist sorting complete. Time (s): cpu = 00:00:00 ; elapsed = 00:00:00.035 . Memory (MB): peak = 1125.340 ; gain = 0.000
INFO: [Netlist 29-17] Analyzing 97 Unisim elements for replacement
INFO: [Netlist 29-28] Unisim Transformation completed in 0 CPU seconds
INFO: [Project 1-570] Preparing netlist for logic optimization
INFO: [Opt 31-138] Pushed 0 inverter(s) to 0 load pin(s).
Netlist sorting complete. Time (s): cpu = 00:00:00 ; elapsed = 00:00:00.001 . Memory (MB): peak = 1125.340 ; gain = 0.000
INFO: [Project 1-111] Unisim Transformation Summary:
No Unisim elements were transformed.

INFO: [Common 17-83] Releasing license: Synthesis
97 Infos, 1 Warnings, 0 Critical Warnings and 0 Errors encountered.
synth_design completed successfully
synth_design: Time (s): cpu = 00:00:44 ; elapsed = 00:01:09 . Memory (MB): peak = 1125.340 ; gain = 201.773
INFO: [Common 17-1381] The checkpoint 'C:/Users/3708307/Desktop/project/project.runs/synth_1/top_baxys.dcp' has been generated.
INFO: [runtcl-4] Executing : report_utilization -file top_baxys_utilization_synth.rpt -pb top_baxys_utilization_synth.pb
INFO: [Common 17-206] Exiting Vivado at Mon Nov 28 17:01:19 2022...
